<?xml version="1.0" encoding="UTF-8"?>
<!-- Generated by org.testng.reporters.JUnitReportReporter -->
<testsuite skipped="0" hostname="DESKTOP-47B5LCS" name="com.gudppl.Testcases.StoryCreateTestCase" tests="2" failures="0" timestamp="07 Mar 2018 07:10:50 GMT" time="82.023" errors="0">
  <testcase name="commTest" time="20.513" classname="com.gudppl.Testcases.StoryCreateTestCase"/>
  <testcase name="testCeateStroy" time="61.510" classname="com.gudppl.Testcases.StoryCreateTestCase"/>
</testsuite> <!-- com.gudppl.Testcases.StoryCreateTestCase -->
