<?xml version="1.0" encoding="UTF-8"?>
<!-- Generated by org.testng.reporters.JUnitReportReporter -->
<testsuite skipped="0" hostname="DESKTOP-BADJCCG" name="com.gudppl.Testcases.SignUpTestcase" tests="1" failures="0" timestamp="10 Mar 2018 01:35:16 GMT" time="67.288" errors="0">
  <testcase name="testSignUp" time="67.288" classname="com.gudppl.Testcases.SignUpTestcase"/>
</testsuite> <!-- com.gudppl.Testcases.SignUpTestcase -->
