<?xml version="1.0" encoding="UTF-8"?>
<!-- Generated by org.testng.reporters.JUnitReportReporter -->
<testsuite skipped="0" hostname="DESKTOP-BADJCCG" name="com.gudppl.Testcases.CausesTestcase" tests="2" failures="0" timestamp="14 Mar 2018 06:57:06 GMT" time="162.557" errors="0">
  <testcase name="commTest" time="20.468" classname="com.gudppl.Testcases.CausesTestcase"/>
  <testcase name="testCauses" time="142.089" classname="com.gudppl.Testcases.CausesTestcase"/>
</testsuite> <!-- com.gudppl.Testcases.CausesTestcase -->
