<?xml version="1.0" encoding="UTF-8"?>
<!-- Generated by org.testng.reporters.JUnitReportReporter -->
<testsuite skipped="0" hostname="DESKTOP-BADJCCG" name="com.gudppl.Testcases.SearchTestcase" tests="2" failures="0" timestamp="12 Mar 2018 10:30:46 GMT" time="50.038" errors="0">
  <testcase name="commTest" time="20.458" classname="com.gudppl.Testcases.SearchTestcase"/>
  <testcase name="testSignUp" time="29.580" classname="com.gudppl.Testcases.SearchTestcase"/>
</testsuite> <!-- com.gudppl.Testcases.SearchTestcase -->
