<?xml version="1.0" encoding="UTF-8"?>
<!-- Generated by org.testng.reporters.JUnitReportReporter -->
<testsuite skipped="0" hostname="DESKTOP-BADJCCG" name="com.gudppl.Testcases.AdvanceFilterTestcase" tests="2" failures="0" timestamp="11 Mar 2018 13:53:17 GMT" time="57.937" errors="0">
  <testcase name="commTest" time="20.533" classname="com.gudppl.Testcases.AdvanceFilterTestcase"/>
  <testcase name="testAdvanceSearch" time="37.404" classname="com.gudppl.Testcases.AdvanceFilterTestcase"/>
</testsuite> <!-- com.gudppl.Testcases.AdvanceFilterTestcase -->
