<?xml version="1.0" encoding="UTF-8"?>
<!-- Generated by org.testng.reporters.JUnitReportReporter -->
<testsuite skipped="0" hostname="DESKTOP-BADJCCG" name="com.gudppl.Testcases.OrgDetailsPage" tests="2" failures="0" timestamp="15 Mar 2018 07:54:32 GMT" time="41.419" errors="0">
  <testcase name="commTest" time="20.481" classname="com.gudppl.Testcases.OrgDetailsPage"/>
  <testcase name="testOrgDetails" time="20.938" classname="com.gudppl.Testcases.OrgDetailsPage"/>
</testsuite> <!-- com.gudppl.Testcases.OrgDetailsPage -->
